D:\LECTURE2015SPRING\TANGIBLE INTERFACE DESIGN\MP1\CODES\APPLICATION\APPLICATION\DEBUG\APPLICATION.PCH
D:\LECTURE2015SPRING\TANGIBLE INTERFACE DESIGN\MP1\CODES\APPLICATION\APPLICATION\DEBUG\STDAFX.OBJ
D:\LECTURE2015SPRING\TANGIBLE INTERFACE DESIGN\MP1\CODES\APPLICATION\APPLICATION\DEBUG\VC110.PDB
D:\LECTURE2015SPRING\TANGIBLE INTERFACE DESIGN\MP1\CODES\APPLICATION\APPLICATION\DEBUG\APPLICATION.OBJ
D:\LECTURE2015SPRING\TANGIBLE INTERFACE DESIGN\MP1\CODES\APPLICATION\APPLICATION\DEBUG\FULLSCREENMAGNIFIERSAMPLE.OBJ
D:\LECTURE2015SPRING\TANGIBLE INTERFACE DESIGN\MP1\CODES\APPLICATION\APPLICATION\DEBUG\IMAGEPROCESSING.OBJ
D:\LECTURE2015SPRING\TANGIBLE INTERFACE DESIGN\MP1\CODES\APPLICATION\APPLICATION\DEBUG\RESOLUTION.OBJ
D:\LECTURE2015SPRING\TANGIBLE INTERFACE DESIGN\MP1\CODES\APPLICATION\APPLICATION\DEBUG\SERIAL.OBJ
D:\LECTURE2015SPRING\TANGIBLE INTERFACE DESIGN\MP1\CODES\APPLICATION\APPLICATION\DEBUG\SERIALUTIL.OBJ
D:\LECTURE2015SPRING\TANGIBLE INTERFACE DESIGN\MP1\CODES\APPLICATION\DEBUG\APPLICATION.ILK
D:\LECTURE2015SPRING\TANGIBLE INTERFACE DESIGN\MP1\CODES\APPLICATION\DEBUG\APPLICATION.EXE
D:\LECTURE2015SPRING\TANGIBLE INTERFACE DESIGN\MP1\CODES\APPLICATION\DEBUG\APPLICATION.PDB
D:\LECTURE2015SPRING\TANGIBLE INTERFACE DESIGN\MP1\CODES\APPLICATION\APPLICATION\DEBUG\APPLICATION.RES
D:\Lecture2015Spring\Tangible Interface Design\mp1\codes\application\application\Debug\application.obj
D:\Lecture2015Spring\Tangible Interface Design\mp1\codes\application\application\Debug\FullscreenMagnifierSample.obj
D:\Lecture2015Spring\Tangible Interface Design\mp1\codes\application\application\Debug\imageprocessing.obj
D:\Lecture2015Spring\Tangible Interface Design\mp1\codes\application\application\Debug\resolution.obj
D:\Lecture2015Spring\Tangible Interface Design\mp1\codes\application\application\Debug\Serial.obj
D:\Lecture2015Spring\Tangible Interface Design\mp1\codes\application\application\Debug\SerialUtil.obj
D:\Lecture2015Spring\Tangible Interface Design\mp1\codes\application\application\Debug\stdafx.obj
D:\Lecture2015Spring\Tangible Interface Design\mp1\codes\application\application\Debug\cl.command.1.tlog
D:\Lecture2015Spring\Tangible Interface Design\mp1\codes\application\application\Debug\CL.read.1.tlog
D:\Lecture2015Spring\Tangible Interface Design\mp1\codes\application\application\Debug\CL.write.1.tlog
D:\Lecture2015Spring\Tangible Interface Design\mp1\codes\application\application\Debug\link-cvtres.read.1.tlog
D:\Lecture2015Spring\Tangible Interface Design\mp1\codes\application\application\Debug\link-cvtres.write.1.tlog
D:\Lecture2015Spring\Tangible Interface Design\mp1\codes\application\application\Debug\link-mt.read.1.tlog
D:\Lecture2015Spring\Tangible Interface Design\mp1\codes\application\application\Debug\link-mt.write.1.tlog
D:\Lecture2015Spring\Tangible Interface Design\mp1\codes\application\application\Debug\link-rc.read.1.tlog
D:\Lecture2015Spring\Tangible Interface Design\mp1\codes\application\application\Debug\link-rc.write.1.tlog
D:\Lecture2015Spring\Tangible Interface Design\mp1\codes\application\application\Debug\link.command.1.tlog
D:\Lecture2015Spring\Tangible Interface Design\mp1\codes\application\application\Debug\link.read.1.tlog
D:\Lecture2015Spring\Tangible Interface Design\mp1\codes\application\application\Debug\link.write.1.tlog
D:\Lecture2015Spring\Tangible Interface Design\mp1\codes\application\application\Debug\rc.command.1.tlog
D:\Lecture2015Spring\Tangible Interface Design\mp1\codes\application\application\Debug\rc.read.1.tlog
D:\Lecture2015Spring\Tangible Interface Design\mp1\codes\application\application\Debug\rc.write.1.tlog
D:\Lecture2015Spring\Tangible Interface Design\mp1\codes\application\application\Debug\application.res
D:\Lecture2015Spring\Tangible Interface Design\mp1\codes\application\application\Debug\application.pch
D:\Lecture2015Spring\Tangible Interface Design\mp1\codes\application\application\Debug\vc110.idb
D:\Lecture2015Spring\Tangible Interface Design\mp1\codes\application\application\Debug\vc110.pdb
D:\Lecture2015Spring\Tangible Interface Design\mp1\codes\application\Debug\application.pdb
D:\Lecture2015Spring\Tangible Interface Design\mp1\codes\application\Debug\application.exe
D:\Lecture2015Spring\Tangible Interface Design\mp1\codes\application\Debug\application.ilk
